[debug] [2024-12-02T18:53:48.093Z] ----------------------------------------------------------------------
[debug] [2024-12-02T18:53:48.096Z] Command:       C:\Program Files\nodejs\node.exe C:\Users\michi\AppData\Local\Yarn\Data\global\node_modules\firebase-tools\lib\bin\firebase.js deploy
[debug] [2024-12-02T18:53:48.096Z] CLI Version:   13.22.0
[debug] [2024-12-02T18:53:48.096Z] Platform:      win32
[debug] [2024-12-02T18:53:48.096Z] Node Version:  v18.18.0
[debug] [2024-12-02T18:53:48.097Z] Time:          Mon Dec 02 2024 19:53:48 GMT+0100 (Central European Standard Time)
[debug] [2024-12-02T18:53:48.097Z] ----------------------------------------------------------------------
[debug] 
[debug] [2024-12-02T18:53:48.211Z] > command requires scopes: ["email","openid","https://www.googleapis.com/auth/cloudplatformprojects.readonly","https://www.googleapis.com/auth/firebase","https://www.googleapis.com/auth/cloud-platform"]
[debug] [2024-12-02T18:53:48.212Z] > authorizing via signed-in user (michielvanbeers@gmail.com)
[debug] [2024-12-02T18:53:48.212Z] [iam] checking project beyond-reality-connect for permissions ["firebase.projects.get","firebasehosting.sites.update"]
[debug] [2024-12-02T18:53:48.213Z] Checked if tokens are valid: true, expires at: 1733168270361
[debug] [2024-12-02T18:53:48.213Z] Checked if tokens are valid: true, expires at: 1733168270361
[debug] [2024-12-02T18:53:48.215Z] >>> [apiv2][query] POST https://cloudresourcemanager.googleapis.com/v1/projects/beyond-reality-connect:testIamPermissions [none]
[debug] [2024-12-02T18:53:48.215Z] >>> [apiv2][(partial)header] POST https://cloudresourcemanager.googleapis.com/v1/projects/beyond-reality-connect:testIamPermissions x-goog-quota-user=projects/beyond-reality-connect
[debug] [2024-12-02T18:53:48.215Z] >>> [apiv2][body] POST https://cloudresourcemanager.googleapis.com/v1/projects/beyond-reality-connect:testIamPermissions {"permissions":["firebase.projects.get","firebasehosting.sites.update"]}
[debug] [2024-12-02T18:53:48.490Z] <<< [apiv2][status] POST https://cloudresourcemanager.googleapis.com/v1/projects/beyond-reality-connect:testIamPermissions 200
[debug] [2024-12-02T18:53:48.491Z] <<< [apiv2][body] POST https://cloudresourcemanager.googleapis.com/v1/projects/beyond-reality-connect:testIamPermissions {"permissions":["firebase.projects.get","firebasehosting.sites.update"]}
[debug] [2024-12-02T18:53:48.491Z] Checked if tokens are valid: true, expires at: 1733168270361
[debug] [2024-12-02T18:53:48.491Z] Checked if tokens are valid: true, expires at: 1733168270361
[debug] [2024-12-02T18:53:48.492Z] >>> [apiv2][query] GET https://firebase.googleapis.com/v1beta1/projects/beyond-reality-connect [none]
[debug] [2024-12-02T18:53:48.786Z] <<< [apiv2][status] GET https://firebase.googleapis.com/v1beta1/projects/beyond-reality-connect 200
[debug] [2024-12-02T18:53:48.786Z] <<< [apiv2][body] GET https://firebase.googleapis.com/v1beta1/projects/beyond-reality-connect {"projectId":"beyond-reality-connect","projectNumber":"655518718833","displayName":"beyond-reality-connect","name":"projects/beyond-reality-connect","resources":{"hostingSite":"beyond-reality-connect"},"state":"ACTIVE","etag":"1_aef7b44c-1a8e-4ba2-89c2-10142274738f"}
[debug] [2024-12-02T18:53:54.894Z] Checked if tokens are valid: true, expires at: 1733168270361
[debug] [2024-12-02T18:53:54.894Z] Checked if tokens are valid: true, expires at: 1733168270361
[debug] [2024-12-02T18:53:54.894Z] >>> [apiv2][query] GET https://firebasehosting.googleapis.com/v1beta1/projects/beyond-reality-connect/sites pageToken=&pageSize=10
[debug] [2024-12-02T18:53:56.003Z] <<< [apiv2][status] GET https://firebasehosting.googleapis.com/v1beta1/projects/beyond-reality-connect/sites 200
[debug] [2024-12-02T18:53:56.003Z] <<< [apiv2][body] GET https://firebasehosting.googleapis.com/v1beta1/projects/beyond-reality-connect/sites {"sites":[{"name":"projects/beyond-reality-connect/sites/beyond-reality-connect","defaultUrl":"https://beyond-reality-connect.web.app","appId":"1:655518718833:web:9c4142096c5eaec9d434d0","type":"DEFAULT_SITE"}]}
[debug] [2024-12-02T18:53:56.003Z] Checked if tokens are valid: true, expires at: 1733168270361
[debug] [2024-12-02T18:53:56.003Z] Checked if tokens are valid: true, expires at: 1733168270361
[debug] [2024-12-02T18:53:56.003Z] >>> [apiv2][query] GET https://firebase.googleapis.com/v1beta1/projects/-/webApps/1:655518718833:web:9c4142096c5eaec9d434d0/config [none]
[debug] [2024-12-02T18:53:56.580Z] <<< [apiv2][status] GET https://firebase.googleapis.com/v1beta1/projects/-/webApps/1:655518718833:web:9c4142096c5eaec9d434d0/config 200
[debug] [2024-12-02T18:53:56.581Z] <<< [apiv2][body] GET https://firebase.googleapis.com/v1beta1/projects/-/webApps/1:655518718833:web:9c4142096c5eaec9d434d0/config {"projectId":"beyond-reality-connect","appId":"1:655518718833:web:9c4142096c5eaec9d434d0","storageBucket":"beyond-reality-connect.firebasestorage.app","apiKey":"AIzaSyCqz64xBKi87MWhJfW-pSkWTGb_jfRvLC0","authDomain":"beyond-reality-connect.firebaseapp.com","messagingSenderId":"655518718833","measurementId":"G-M8G6WMWMPF"}
[info] 
   Thank you for trying our early preview of Next.js support on Firebase Hosting.
   During the preview, support is best-effort and breaking changes can be expected. Proceed with caution.
   The integration is known to work with Next.js version 12 - 14.0. You may encounter errors.

   Documentation: https://firebase.google.com/docs/hosting/frameworks/nextjs
   File a bug: https://github.com/firebase/firebase-tools/issues/new?template=bug_report.md
   Submit a feature request: https://github.com/firebase/firebase-tools/issues/new?template=feature_request.md

   We'd love to learn from you. Express your interest in helping us shape the future of Firebase Hosting: https://goo.gle/41enW5X

[debug] [2024-12-02T18:54:05.973Z] Checked if tokens are valid: true, expires at: 1733168270361
[debug] [2024-12-02T18:54:05.973Z] Checked if tokens are valid: true, expires at: 1733168270361
[debug] [2024-12-02T18:54:05.974Z] >>> [apiv2][query] GET https://firebasehosting.googleapis.com/v1beta1/projects/beyond-reality-connect/sites/beyond-reality-connect [none]
[debug] [2024-12-02T18:54:06.932Z] <<< [apiv2][status] GET https://firebasehosting.googleapis.com/v1beta1/projects/beyond-reality-connect/sites/beyond-reality-connect 200
[debug] [2024-12-02T18:54:06.933Z] <<< [apiv2][body] GET https://firebasehosting.googleapis.com/v1beta1/projects/beyond-reality-connect/sites/beyond-reality-connect {"name":"projects/beyond-reality-connect/sites/beyond-reality-connect","defaultUrl":"https://beyond-reality-connect.web.app","appId":"1:655518718833:web:9c4142096c5eaec9d434d0","type":"DEFAULT_SITE"}
[info]   ▲ Next.js 14.2.18

[info] 

[info]    Creating an optimized production build ...

[info] uncaughtException [Error: EPERM: operation not permitted, open 'C:\Users\michi\Documents\beyond-reality\connect\.next\trace'] {
  errno: -4048,
  code: 'EPERM',
  syscall: 'open',
  path: 'C:\\Users\\michi\\Documents\\beyond-reality\\connect\\.next\\trace'
}

[debug] [2024-12-02T18:54:25.423Z] Error: ENOENT: no such file or directory, open 'C:\Users\michi\Documents\beyond-reality\connect\.next\export-marker.json'
[error] 
[error] Error: An unexpected error has occurred.
